<?xml version="1.0" encoding="UTF-8"?>
<!-- Generated by org.testng.reporters.JUnitReportReporter -->
<testsuite hostname="Harika" failures="0" tests="1" name="com.Amazon.Tests.IndexPageTest" time="10.757" errors="0" timestamp="2022-11-10T14:09:41 CST" skipped="0">
  <testcase classname="com.Amazon.Tests.IndexPageTest" name="verifysearchitem" time="10.757"/>
  <system-out/>
</testsuite> <!-- com.Amazon.Tests.IndexPageTest -->
