<?xml version="1.0" encoding="UTF-8"?>
<!-- Generated by org.testng.reporters.JUnitReportReporter -->
<testsuite hostname="Harika" failures="0" tests="1" name="com.Amazon.Tests.SearchResultPageTest" time="28.367" errors="0" timestamp="2022-11-11T10:43:03 CST" skipped="0">
  <testcase classname="com.Amazon.Tests.SearchResultPageTest" name="verifyopenitem" time="28.367"/>
  <system-out/>
</testsuite> <!-- com.Amazon.Tests.SearchResultPageTest -->
