<?xml version="1.0" encoding="UTF-8"?>
<!-- Generated by org.testng.reporters.JUnitReportReporter -->
<testsuite hostname="Harika" failures="0" tests="1" name="com.Amazon.Base.BaseClass" time="10.939" errors="0" timestamp="2022-11-09T10:37:54 CST" skipped="0">
  <testcase classname="com.Amazon.Base.BaseClass" name="test" time="10.939"/>
  <system-out/>
</testsuite> <!-- com.Amazon.Base.BaseClass -->
